1
0
1
ASSEMBLY
1
MB_16-1
MB_16
1
MB_16-1
14
-2147483646
0
48 1 16 5 0 1 0 -1 -1 5229 1 -1879048189 4 5229 
14
48 1 16 5 0 1 0 -1 -1 5229 1 -1879048189 1 5229 
3
1 1
2 2
3 3
-2147483647
1
MB_16-1
14
-2147483646
0
48 1 16 5 0 1 0 -1 -1 5170 1 -1879048189 1 5170 
14
48 1 16 5 0 1 0 -1 -1 5170 1 -1879048189 1 5170 
0
4
B_SET-10
0
1
0
1
MB_16-1
25
26 27 28 29 30 31 32 33 34 35 36 37 38 39 40 41 42 43 44 45 46 47 48 49 50 
0
S_SET-6
0
1
0
1
MB_16-1
14
5061 5075 5089 5094 5095 5096 5097 5135 5141 5146 5148 5150 5167 5168 
0
S_SET-8
0
1
0
1
MB_16-1
34
30 35 40 45 50 55 60 65 70 75 5019 5027 5028 5030 5031 5061 5075 5089 5094 5095 5096 5097 5109 5114 5123 5124 5126 5135 5141 5146 5148 5150 5167 5168 
0
_SURF-1_SPOS
0
2
0
1
MB_16-1
17
-2147483647
60 1 16 8 0 1 0 -1 -1 443 2 -1879048188 -1879048186 1 199 4927 244 
0
1
MB_16-1
1
SET-1
0
1
14
-2147483647
48 1 16 5 0 1 0 -1 -1 5170 1 -1879048189 1 5170 
0
0
0
7

0
2
0
1
MB_16-1
14
-2147483647
48 1 16 5 0 1 0 -1 -1 5229 1 -1879048189 4 5229 
0
B_SET-10
0
1
0
1
MB_16-1
36
4 7 8 9 45 46 47 48 49 50 51 52 53 54 55 56 57 58 59 60 487 488 489 490 491 492 493 494 495 496 497 498 499 500 501 502 
0
SET-1
0
1
0
1
MB_16-1
4
26 27 28 29 
0
SET-11
0
1
0
1
MB_16-1
3
8 10 18 
0
SET-2
0
1
0
1
MB_16-1
4
26 27 28 29 
0
S_SET-6
0
1
0
1
MB_16-1
8
30 32 464 465 466 467 468 469 
0
S_SET-8
0
1
0
1
MB_16-1
20
5 7 8 11 30 32 49 50 51 52 65 66 67 68 464 465 466 467 468 469 
0
1
MB_16-1
2
 P       1
0
2
14
-2147483647
48 1 16 5 0 1 0 -1 -1 5229 1 -1879048189 4 5229 
0
0
SET-1
0
1
14
-2147483647
48 1 16 5 0 1 0 -1 -1 5229 1 -1879048189 4 5229 
0
0
0
0
1
SURF-1
0
0
0
1
MB_16-1
0
0
1
SPOS
17
-2147483647
60 1 16 8 0 1 0 -1 -1 443 2 -1879048188 -1879048186 1 199 4927 244 
