Analysis initiated from SIMULIA established products
Abaqus JOB mb_uf_ce
Abaqus 2024
Abaqus License Manager checked out the following licenses:
Abaqus/Standard checked out 5 tokens from Flexnet server lml-2b.polimi.it.
<2395 out of 2400 licenses remain available>.
Begin Analysis Input File Processor
23/02/2024 16:34:26
Run pre.exe
23/02/2024 16:34:30
End Analysis Input File Processor
Begin Abaqus/Standard Analysis
23/02/2024 16:34:30
Run standard.exe
23/02/2024 16:34:34
End Abaqus/Standard Analysis
Begin SIM Wrap-up
23/02/2024 16:34:37
Run SMASimUtility.exe
23/02/2024 16:34:37
End SIM Wrap-up
Abaqus JOB mb_uf_ce COMPLETED
