Analysis initiated from SIMULIA established products
Abaqus JOB lp_fine
Abaqus 2024
Abaqus License Manager checked out the following licenses:
Abaqus/Standard checked out 5 tokens from Flexnet server lml-2b.polimi.it.
<2356 out of 2400 licenses remain available>.
Begin Analysis Input File Processor
17/02/2024 16:31:42
Run pre.exe
17/02/2024 16:31:45
End Analysis Input File Processor
Begin Abaqus/Standard Analysis
17/02/2024 16:31:45
Run standard.exe
17/02/2024 16:45:16
End Abaqus/Standard Analysis
Begin SIM Wrap-up
17/02/2024 16:45:16
Run SMASimUtility.exe
17/02/2024 16:45:18
End SIM Wrap-up
Abaqus JOB lp_fine COMPLETED
