1
0
1
ASSEMBLY
1
EXCERSIZE-1
EXCERSIZE
1
EXCERSIZE-1
14
-2147483646
0
48 1 16 5 0 1 0 -1 -1 31714 1 -1879048189 3 31714 
14
48 1 16 5 0 1 0 -1 -1 31714 1 -1879048189 1 31714 
2
1 1
2 2
-2147483647
1
EXCERSIZE-1
14
-2147483646
0
48 1 16 5 0 1 0 -1 -1 31400 1 -1879048189 1 31400 
14
48 1 16 5 0 1 0 -1 -1 31400 1 -1879048189 1 31400 
0
2
S_SET-1
0
1
0
1
EXCERSIZE-1
14
-2147483647
48 1 16 5 0 1 0 -1 -1 314 1 -1879048189 31087 314 
0
S_SET-3
0
1
0
1
EXCERSIZE-1
14
-2147483647
48 1 16 5 0 1 0 -1 -1 314 1 -1879048189 1 314 
0
1
EXCERSIZE-1
1
SET-1
0
1
14
-2147483647
48 1 16 5 0 1 0 -1 -1 31400 1 -1879048189 1 31400 
0
0
0
7

0
2
0
2

2
1 2 
EXCERSIZE-1
14
-2147483647
48 1 16 5 0 1 0 -1 -1 31714 1 -1879048189 3 31714 
0
M_SET-1
0
1
1
1 
0
0
M_SET-3
0
1
1
2 
0
0
SET-5
0
1
1
1 
0
0
SET-6
0
1
1
2 
0
0
S_SET-1
0
1
0
1
EXCERSIZE-1
14
-2147483647
48 1 16 5 0 1 0 -1 -1 314 1 -1879048189 31403 314 
0
S_SET-3
0
1
0
1
EXCERSIZE-1
14
-2147483647
48 1 16 5 0 1 0 -1 -1 314 1 -1879048189 3 314 
0
2
EXCERSIZE-1
2
 P       1
0
2
14
-2147483647
48 1 16 5 0 1 0 -1 -1 31714 1 -1879048189 3 31714 
0
0
SET-1
0
1
14
-2147483647
48 1 16 5 0 1 0 -1 -1 31714 1 -1879048189 3 31714 
0
0
0

1
 P       0
0
2
2
1 2 
0
0
0
0
2
S_SET-1_CNS_
1
0
0
1
EXCERSIZE-1
1
0
314
31403
1
31404
1
31405
1
31406
1
31407
1
31408
1
31409
1
31410
1
31411
1
31412
1
31413
1
31414
1
31415
1
31416
1
31417
1
31418
1
31419
1
31420
1
31421
1
31422
1
31423
1
31424
1
31425
1
31426
1
31427
1
31428
1
31429
1
31430
1
31431
1
31432
1
31433
1
31434
1
31435
1
31436
1
31437
1
31438
1
31439
1
31440
1
31441
1
31442
1
31443
1
31444
1
31445
1
31446
1
31447
1
31448
1
31449
1
31450
1
31451
1
31452
1
31453
1
31454
1
31455
1
31456
1
31457
1
31458
1
31459
1
31460
1
31461
1
31462
1
31463
1
31464
1
31465
1
31466
1
31467
1
31468
1
31469
1
31470
1
31471
1
31472
1
31473
1
31474
1
31475
1
31476
1
31477
1
31478
1
31479
1
31480
1
31481
1
31482
1
31483
1
31484
1
31485
1
31486
1
31487
1
31488
1
31489
1
31490
1
31491
1
31492
1
31493
1
31494
1
31495
1
31496
1
31497
1
31498
1
31499
1
31500
1
31501
1
31502
1
31503
1
31504
1
31505
1
31506
1
31507
1
31508
1
31509
1
31510
1
31511
1
31512
1
31513
1
31514
1
31515
1
31516
1
31517
1
31518
1
31519
1
31520
1
31521
1
31522
1
31523
1
31524
1
31525
1
31526
1
31527
1
31528
1
31529
1
31530
1
31531
1
31532
1
31533
1
31534
1
31535
1
31536
1
31537
1
31538
1
31539
1
31540
1
31541
1
31542
1
31543
1
31544
1
31545
1
31546
1
31547
1
31548
1
31549
1
31550
1
31551
1
31552
1
31553
1
31554
1
31555
1
31556
1
31557
1
31558
1
31559
1
31560
1
31561
1
31562
1
31563
1
31564
1
31565
1
31566
1
31567
1
31568
1
31569
1
31570
1
31571
1
31572
1
31573
1
31574
1
31575
1
31576
1
31577
1
31578
1
31579
1
31580
1
31581
1
31582
1
31583
1
31584
1
31585
1
31586
1
31587
1
31588
1
31589
1
31590
1
31591
1
31592
1
31593
1
31594
1
31595
1
31596
1
31597
1
31598
1
31599
1
31600
1
31601
1
31602
1
31603
1
31604
1
31605
1
31606
1
31607
1
31608
1
31609
1
31610
1
31611
1
31612
1
31613
1
31614
1
31615
1
31616
1
31617
1
31618
1
31619
1
31620
1
31621
1
31622
1
31623
1
31624
1
31625
1
31626
1
31627
1
31628
1
31629
1
31630
1
31631
1
31632
1
31633
1
31634
1
31635
1
31636
1
31637
1
31638
1
31639
1
31640
1
31641
1
31642
1
31643
1
31644
1
31645
1
31646
1
31647
1
31648
1
31649
1
31650
1
31651
1
31652
1
31653
1
31654
1
31655
1
31656
1
31657
1
31658
1
31659
1
31660
1
31661
1
31662
1
31663
1
31664
1
31665
1
31666
1
31667
1
31668
1
31669
1
31670
1
31671
1
31672
1
31673
1
31674
1
31675
1
31676
1
31677
1
31678
1
31679
1
31680
1
31681
1
31682
1
31683
1
31684
1
31685
1
31686
1
31687
1
31688
1
31689
1
31690
1
31691
1
31692
1
31693
1
31694
1
31695
1
31696
1
31697
1
31698
1
31699
1
31700
1
31701
1
31702
1
31703
1
31704
1
31705
1
31706
1
31707
1
31708
1
31709
1
31710
1
31711
1
31712
1
31713
1
31714
1
31715
1
31716
1
S_SET-3_CNS_
1
0
0
1
EXCERSIZE-1
1
0
314
3
1
4
1
5
1
6
1
7
1
8
1
9
1
10
1
11
1
12
1
13
1
14
1
15
1
16
1
17
1
18
1
19
1
20
1
21
1
22
1
23
1
24
1
25
1
26
1
27
1
28
1
29
1
30
1
31
1
32
1
33
1
34
1
35
1
36
1
37
1
38
1
39
1
40
1
41
1
42
1
43
1
44
1
45
1
46
1
47
1
48
1
49
1
50
1
51
1
52
1
53
1
54
1
55
1
56
1
57
1
58
1
59
1
60
1
61
1
62
1
63
1
64
1
65
1
66
1
67
1
68
1
69
1
70
1
71
1
72
1
73
1
74
1
75
1
76
1
77
1
78
1
79
1
80
1
81
1
82
1
83
1
84
1
85
1
86
1
87
1
88
1
89
1
90
1
91
1
92
1
93
1
94
1
95
1
96
1
97
1
98
1
99
1
100
1
101
1
102
1
103
1
104
1
105
1
106
1
107
1
108
1
109
1
110
1
111
1
112
1
113
1
114
1
115
1
116
1
117
1
118
1
119
1
120
1
121
1
122
1
123
1
124
1
125
1
126
1
127
1
128
1
129
1
130
1
131
1
132
1
133
1
134
1
135
1
136
1
137
1
138
1
139
1
140
1
141
1
142
1
143
1
144
1
145
1
146
1
147
1
148
1
149
1
150
1
151
1
152
1
153
1
154
1
155
1
156
1
157
1
158
1
159
1
160
1
161
1
162
1
163
1
164
1
165
1
166
1
167
1
168
1
169
1
170
1
171
1
172
1
173
1
174
1
175
1
176
1
177
1
178
1
179
1
180
1
181
1
182
1
183
1
184
1
185
1
186
1
187
1
188
1
189
1
190
1
191
1
192
1
193
1
194
1
195
1
196
1
197
1
198
1
199
1
200
1
201
1
202
1
203
1
204
1
205
1
206
1
207
1
208
1
209
1
210
1
211
1
212
1
213
1
214
1
215
1
216
1
217
1
218
1
219
1
220
1
221
1
222
1
223
1
224
1
225
1
226
1
227
1
228
1
229
1
230
1
231
1
232
1
233
1
234
1
235
1
236
1
237
1
238
1
239
1
240
1
241
1
242
1
243
1
244
1
245
1
246
1
247
1
248
1
249
1
250
1
251
1
252
1
253
1
254
1
255
1
256
1
257
1
258
1
259
1
260
1
261
1
262
1
263
1
264
1
265
1
266
1
267
1
268
1
269
1
270
1
271
1
272
1
273
1
274
1
275
1
276
1
277
1
278
1
279
1
280
1
281
1
282
1
283
1
284
1
285
1
286
1
287
1
288
1
289
1
290
1
291
1
292
1
293
1
294
1
295
1
296
1
297
1
298
1
299
1
300
1
301
1
302
1
303
1
304
1
305
1
306
1
307
1
308
1
309
1
310
1
311
1
312
1
313
1
314
1
315
1
316
1
