1
0
1
ASSEMBLY
1
PART-1-1
PART-1
1
PART-1-1
14
-2147483646
0
48 1 16 5 0 1 0 -1 -1 736 1 -1879048189 1 736 
14
48 1 16 5 0 1 0 -1 -1 736 1 -1879048189 1 736 
0
1
PART-1-1
14
-2147483646
0
48 1 16 5 0 1 0 -1 -1 682 1 -1879048189 1 682 
14
48 1 16 5 0 1 0 -1 -1 682 1 -1879048189 1 682 
0
2
SET-1
0
1
0
1
PART-1-1
44
1 2 3 4 5 6 7 8 9 10 11 12 13 14 15 16 17 18 19 20 21 22 661 662 663 664 665 666 667 668 669 670 671 672 673 674 675 676 677 678 679 680 681 682 
0
_SURF-1_SNEG
0
2
0
1
PART-1-1
14
-2147483647
48 1 16 5 0 1 0 -1 -1 682 1 -1879048189 1 682 
0
1
PART-1-1
1
SET-2
0
1
14
-2147483647
48 1 16 5 0 1 0 -1 -1 682 1 -1879048189 1 682 
0
0
0
3
SET-1
0
1
0
1
PART-1-1
46
1 2 3 4 5 6 7 8 9 10 11 12 13 14 15 16 17 18 19 20 21 22 23 714 715 716 717 718 719 720 721 722 723 724 725 726 727 728 729 730 731 732 733 734 735 736 
0
SET-2
0
1
0
1
PART-1-1
1
736 
0
SET-3
0
1
0
1
PART-1-1
1
23 
0
1
PART-1-1
1
SET-2
0
1
14
-2147483647
48 1 16 5 0 1 0 -1 -1 736 1 -1879048189 1 736 
0
0
0
0
1
SURF-1
0
0
0
1
PART-1-1
0
0
1
SNEG
14
-2147483647
48 1 16 5 0 1 0 -1 -1 682 1 -1879048189 1 682 
