1
0
1
ASSEMBLY
1
PART-1-1
PART-1
1
PART-1-1
14
-2147483646
0
48 1 16 5 0 1 0 -1 -1 2880 1 -1879048189 1 2880 
14
48 1 16 5 0 1 0 -1 -1 2880 1 -1879048189 1 2880 
0
1
PART-1-1
14
-2147483646
0
48 1 16 5 0 1 0 -1 -1 2772 1 -1879048189 1 2772 
14
48 1 16 5 0 1 0 -1 -1 2772 1 -1879048189 1 2772 
0
1
_SURF-1_SPOS
0
2
0
1
PART-1-1
14
-2147483647
48 1 16 5 0 1 0 -1 -1 2772 1 -1879048189 1 2772 
0
1
PART-1-1
1
SET-1
0
1
14
-2147483647
48 1 16 5 0 1 0 -1 -1 2772 1 -1879048189 1 2772 
0
0
0
2
POINTS_ASSEMBLY
0
1
0
1
PART-1-1
5
840 916 1374 1967 2217 
0
SET-1
0
1
0
1
PART-1-1
4
1 45 2836 2880 
0
1
PART-1-1
2
POINTS_LOAD
0
1
6
694 958 1413 1433 1902 2132 
0
0
SET-1
0
1
14
-2147483647
48 1 16 5 0 1 0 -1 -1 2880 1 -1879048189 1 2880 
0
0
0
0
1
SURF-1
0
0
0
1
PART-1-1
0
0
1
SPOS
14
-2147483647
48 1 16 5 0 1 0 -1 -1 2772 1 -1879048189 1 2772 
