Analysis initiated from SIMULIA established products
Abaqus JOB check
Abaqus 2024
Abaqus License Manager checked out the following licenses:
Abaqus/Standard checked out 5 tokens from Flexnet server lml-2b.polimi.it.
<2390 out of 2400 licenses remain available>.
Begin Analysis Input File Processor
24/02/2024 11:59:26
Run pre.exe
24/02/2024 11:59:34
End Analysis Input File Processor
Begin Abaqus/Standard Analysis
24/02/2024 11:59:34
Run standard.exe
24/02/2024 11:59:48
End Abaqus/Standard Analysis
Begin SIM Wrap-up
24/02/2024 11:59:49
Run SMASimUtility.exe
24/02/2024 11:59:49
End SIM Wrap-up
Abaqus JOB check COMPLETED
