Analysis initiated from SIMULIA established products
Abaqus JOB excel
Abaqus 2024
Abaqus License Manager checked out the following licenses:
Abaqus/Standard checked out 5 tokens from Flexnet server lml-2b.polimi.it.
<2395 out of 2400 licenses remain available>.
Begin Analysis Input File Processor
24/02/2024 15:16:41
Run pre.exe
24/02/2024 15:16:45
End Analysis Input File Processor
Begin Abaqus/Standard Analysis
24/02/2024 15:16:45
Run standard.exe
24/02/2024 15:16:50
End Abaqus/Standard Analysis
Begin SIM Wrap-up
24/02/2024 15:16:52
Run SMASimUtility.exe
24/02/2024 15:16:52
End SIM Wrap-up
Abaqus JOB excel COMPLETED
