Analysis initiated from SIMULIA established products
Abaqus JOB magnitude
Abaqus 2024
Abaqus License Manager checked out the following licenses:
Abaqus/Standard checked out 5 tokens from Flexnet server lml-2b.polimi.it.
<2395 out of 2400 licenses remain available>.
Begin Analysis Input File Processor
24/02/2024 12:50:27
Run pre.exe
24/02/2024 12:50:31
End Analysis Input File Processor
Begin Abaqus/Standard Analysis
24/02/2024 12:50:31
Run standard.exe
24/02/2024 12:50:36
End Abaqus/Standard Analysis
Begin SIM Wrap-up
24/02/2024 12:50:37
Run SMASimUtility.exe
24/02/2024 12:50:38
End SIM Wrap-up
Abaqus JOB magnitude COMPLETED
