1
0
1
ASSEMBLY
1
PART-1-1
PART-1
1
PART-1-1
14
-2147483646
0
48 1 16 5 0 1 0 -1 -1 2880 1 -1879048189 1 2880 
14
48 1 16 5 0 1 0 -1 -1 2880 1 -1879048189 1 2880 
0
1
PART-1-1
14
-2147483646
0
48 1 16 5 0 1 0 -1 -1 2772 1 -1879048189 1 2772 
14
48 1 16 5 0 1 0 -1 -1 2772 1 -1879048189 1 2772 
0
2
SET-3
0
1
0
1
PART-1-1
210
1 2 3 4 5 6 7 8 9 10 11 12 13 14 15 16 17 18 19 20 21 22 23 24 25 26 27 28 29 30 31 32 33 34 35 36 37 38 39 40 41 42 43 44 45 88 89 132 133 176 177 220 221 264 265 308 309 352 353 396 397 440 441 484 485 528 529 572 573 616 617 660 661 704 705 748 749 792 793 836 837 880 881 924 925 968 969 1012 1013 1056 1057 1100 1101 1144 1145 1188 1189 1232 1233 1276 1277 1320 1321 1364 1365 1408 1409 1452 1453 1496 1497 1540 1541 1584 1585 1628 1629 1672 1673 1716 1717 1760 1761 1804 1805 1848 1849 1892 1893 1936 1937 1980 1981 2024 2025 2068 2069 2112 2113 2156 2157 2200 2201 2244 2245 2288 2289 2332 2333 2376 2377 2420 2421 2464 2465 2508 2509 2552 2553 2596 2597 2640 2641 2684 2685 2728 2729 2730 2731 2732 2733 2734 2735 2736 2737 2738 2739 2740 2741 2742 2743 2744 2745 2746 2747 2748 2749 2750 2751 2752 2753 2754 2755 2756 2757 2758 2759 2760 2761 2762 2763 2764 2765 2766 2767 2768 2769 2770 2771 2772 
0
_SURF-1_SPOS
0
2
0
1
PART-1-1
14
-2147483647
48 1 16 5 0 1 0 -1 -1 2772 1 -1879048189 1 2772 
0
1
PART-1-1
1
SET-1
0
1
14
-2147483647
48 1 16 5 0 1 0 -1 -1 2772 1 -1879048189 1 2772 
0
0
0
3
POINTS_ASSEMBLY
0
1
0
1
PART-1-1
5
840 916 1374 1967 2217 
0
SET-1
0
1
0
1
PART-1-1
4
1 45 2836 2880 
0
SET-3
0
1
0
1
PART-1-1
214
1 2 3 4 5 6 7 8 9 10 11 12 13 14 15 16 17 18 19 20 21 22 23 24 25 26 27 28 29 30 31 32 33 34 35 36 37 38 39 40 41 42 43 44 45 46 90 91 135 136 180 181 225 226 270 271 315 316 360 361 405 406 450 451 495 496 540 541 585 586 630 631 675 676 720 721 765 766 810 811 855 856 900 901 945 946 990 991 1035 1036 1080 1081 1125 1126 1170 1171 1215 1216 1260 1261 1305 1306 1350 1351 1395 1396 1440 1441 1485 1486 1530 1531 1575 1576 1620 1621 1665 1666 1710 1711 1755 1756 1800 1801 1845 1846 1890 1891 1935 1936 1980 1981 2025 2026 2070 2071 2115 2116 2160 2161 2205 2206 2250 2251 2295 2296 2340 2341 2385 2386 2430 2431 2475 2476 2520 2521 2565 2566 2610 2611 2655 2656 2700 2701 2745 2746 2790 2791 2835 2836 2837 2838 2839 2840 2841 2842 2843 2844 2845 2846 2847 2848 2849 2850 2851 2852 2853 2854 2855 2856 2857 2858 2859 2860 2861 2862 2863 2864 2865 2866 2867 2868 2869 2870 2871 2872 2873 2874 2875 2876 2877 2878 2879 2880 
0
1
PART-1-1
2
POINTS_LOAD
0
1
6
694 958 1413 1433 1902 2132 
0
0
SET-1
0
1
14
-2147483647
48 1 16 5 0 1 0 -1 -1 2880 1 -1879048189 1 2880 
0
0
0
0
1
SURF-1
0
0
0
1
PART-1-1
0
0
1
SPOS
14
-2147483647
48 1 16 5 0 1 0 -1 -1 2772 1 -1879048189 1 2772 
