Analysis initiated from SIMULIA established products
Abaqus JOB mb_ss_nlg
Abaqus 2023
Abaqus License Manager checked out the following licenses:
Abaqus/Standard checked out 5 tokens from Flexnet server lml-2b.polimi.it.
<2344 out of 2400 licenses remain available>.
Begin Analysis Input File Processor
15/02/2024 16:27:16
Run pre.exe
15/02/2024 16:27:18
End Analysis Input File Processor
Begin Abaqus/Standard Analysis
15/02/2024 16:27:18
Run standard.exe
15/02/2024 16:27:21
End Abaqus/Standard Analysis
Begin SIM Wrap-up
15/02/2024 16:27:22
Run SMASimUtility.exe
15/02/2024 16:27:22
End SIM Wrap-up
Abaqus JOB mb_ss_nlg COMPLETED
