Analysis initiated from SIMULIA established products
Abaqus JOB displaycment_history
Abaqus 2024
Abaqus License Manager checked out the following licenses:
Abaqus/Standard checked out 8 tokens from Flexnet server lml-2b.polimi.it.
<2392 out of 2400 licenses remain available>.
Begin Analysis Input File Processor
25/02/2024 17:29:27
Run pre.exe
25/02/2024 17:29:29
End Analysis Input File Processor
Begin Abaqus/Standard Analysis
25/02/2024 17:29:29
Run standard.exe
25/02/2024 17:29:52
End Abaqus/Standard Analysis
Begin SIM Wrap-up
25/02/2024 17:29:53
Run SMASimUtility.exe
25/02/2024 17:29:54
End SIM Wrap-up
Abaqus JOB displaycment_history COMPLETED
