Analysis initiated from SIMULIA established products
Abaqus JOB ss_points
Abaqus 2024
Abaqus License Manager checked out the following licenses:
Abaqus/Standard checked out 5 tokens from Flexnet server lml-2b.polimi.it.
<2395 out of 2400 licenses remain available>.
Begin Analysis Input File Processor
25/02/2024 14:30:58
Run pre.exe
25/02/2024 14:31:05
End Analysis Input File Processor
Begin Abaqus/Standard Analysis
25/02/2024 14:31:05
Run standard.exe
25/02/2024 14:31:24
End Abaqus/Standard Analysis
Begin SIM Wrap-up
25/02/2024 14:31:24
Run SMASimUtility.exe
25/02/2024 14:31:25
End SIM Wrap-up
Abaqus JOB ss_points COMPLETED
