1
0
1
ASSEMBLY
1
PART-1-1
PART-1
1
PART-1-1
14
-2147483646
0
48 1 16 5 0 1 0 -1 -1 736 1 -1879048189 1 736 
14
48 1 16 5 0 1 0 -1 -1 736 1 -1879048189 1 736 
0
1
PART-1-1
14
-2147483646
0
48 1 16 5 0 1 0 -1 -1 682 1 -1879048189 1 682 
14
48 1 16 5 0 1 0 -1 -1 682 1 -1879048189 1 682 
0
6
SET-3
0
1
0
1
PART-1-1
102
1 2 3 4 5 6 7 8 9 10 11 12 13 14 15 16 17 18 19 20 21 22 23 44 45 66 67 88 89 110 111 132 133 154 155 176 177 198 199 220 221 242 243 264 265 286 287 308 309 330 331 352 353 374 375 396 397 418 419 440 441 462 463 484 485 506 507 528 529 550 551 572 573 594 595 616 617 638 639 660 661 662 663 664 665 666 667 668 669 670 671 672 673 674 675 676 677 678 679 680 681 682 
0
SET-4
0
1
0
1
PART-1-1
102
1 2 3 4 5 6 7 8 9 10 11 12 13 14 15 16 17 18 19 20 21 22 23 44 45 66 67 88 89 110 111 132 133 154 155 176 177 198 199 220 221 242 243 264 265 286 287 308 309 330 331 352 353 374 375 396 397 418 419 440 441 462 463 484 485 506 507 528 529 550 551 572 573 594 595 616 617 638 639 660 661 662 663 664 665 666 667 668 669 670 671 672 673 674 675 676 677 678 679 680 681 682 
0
SET-5
0
1
0
1
PART-1-1
102
1 2 3 4 5 6 7 8 9 10 11 12 13 14 15 16 17 18 19 20 21 22 23 44 45 66 67 88 89 110 111 132 133 154 155 176 177 198 199 220 221 242 243 264 265 286 287 308 309 330 331 352 353 374 375 396 397 418 419 440 441 462 463 484 485 506 507 528 529 550 551 572 573 594 595 616 617 638 639 660 661 662 663 664 665 666 667 668 669 670 671 672 673 674 675 676 677 678 679 680 681 682 
0
_SURF-1_SPOS
0
2
0
1
PART-1-1
14
-2147483647
48 1 16 5 0 1 0 -1 -1 682 1 -1879048189 1 682 
0
_SURF-2_SPOS
0
2
0
1
PART-1-1
14
-2147483647
48 1 16 5 0 1 0 -1 -1 682 1 -1879048189 1 682 
0
_SURF-3_SPOS
0
2
0
1
PART-1-1
14
-2147483647
48 1 16 5 0 1 0 -1 -1 682 1 -1879048189 1 682 
0
1
PART-1-1
1
SET-1
0
1
14
-2147483647
48 1 16 5 0 1 0 -1 -1 682 1 -1879048189 1 682 
0
0
0
4
SET-1
0
1
0
1
PART-1-1
4
1 23 714 736 
0
SET-3
0
1
0
1
PART-1-1
106
1 2 3 4 5 6 7 8 9 10 11 12 13 14 15 16 17 18 19 20 21 22 23 24 46 47 69 70 92 93 115 116 138 139 161 162 184 185 207 208 230 231 253 254 276 277 299 300 322 323 345 346 368 369 391 392 414 415 437 438 460 461 483 484 506 507 529 530 552 553 575 576 598 599 621 622 644 645 667 668 690 691 713 714 715 716 717 718 719 720 721 722 723 724 725 726 727 728 729 730 731 732 733 734 735 736 
0
SET-4
0
1
0
1
PART-1-1
106
1 2 3 4 5 6 7 8 9 10 11 12 13 14 15 16 17 18 19 20 21 22 23 24 46 47 69 70 92 93 115 116 138 139 161 162 184 185 207 208 230 231 253 254 276 277 299 300 322 323 345 346 368 369 391 392 414 415 437 438 460 461 483 484 506 507 529 530 552 553 575 576 598 599 621 622 644 645 667 668 690 691 713 714 715 716 717 718 719 720 721 722 723 724 725 726 727 728 729 730 731 732 733 734 735 736 
0
SET-5
0
1
0
1
PART-1-1
106
1 2 3 4 5 6 7 8 9 10 11 12 13 14 15 16 17 18 19 20 21 22 23 24 46 47 69 70 92 93 115 116 138 139 161 162 184 185 207 208 230 231 253 254 276 277 299 300 322 323 345 346 368 369 391 392 414 415 437 438 460 461 483 484 506 507 529 530 552 553 575 576 598 599 621 622 644 645 667 668 690 691 713 714 715 716 717 718 719 720 721 722 723 724 725 726 727 728 729 730 731 732 733 734 735 736 
0
1
PART-1-1
2
DISPLAYS
0
1
117
239 240 241 242 243 244 245 246 247 262 263 264 265 266 267 268 269 270 285 286 287 288 289 290 291 292 293 308 309 310 311 312 313 314 315 316 331 332 333 334 335 336 337 338 339 354 355 356 357 358 359 360 361 362 377 378 379 380 381 382 383 384 385 400 401 402 403 404 405 406 407 408 423 424 425 426 427 428 429 430 431 446 447 448 449 450 451 452 453 454 469 470 471 472 473 474 475 476 477 492 493 494 495 496 497 498 499 500 515 516 517 518 519 520 521 522 523 
0
0
SET-1
0
1
14
-2147483647
48 1 16 5 0 1 0 -1 -1 736 1 -1879048189 1 736 
0
0
0
0
3
SURF-1
0
0
0
1
PART-1-1
0
0
1
SPOS
14
-2147483647
48 1 16 5 0 1 0 -1 -1 682 1 -1879048189 1 682 
SURF-2
0
0
0
1
PART-1-1
0
0
1
SPOS
14
-2147483647
48 1 16 5 0 1 0 -1 -1 682 1 -1879048189 1 682 
SURF-3
0
0
0
1
PART-1-1
0
0
1
SPOS
14
-2147483647
48 1 16 5 0 1 0 -1 -1 682 1 -1879048189 1 682 
