1
0
1
ASSEMBLY
1
PART-1-1
PART-1
1
PART-1-1
14
-2147483646
0
48 1 16 5 0 1 0 -1 -1 1057 1 -1879048189 1 1057 
14
48 1 16 5 0 1 0 -1 -1 1057 1 -1879048189 1 1057 
0
1
PART-1-1
14
-2147483646
0
48 1 16 5 0 1 0 -1 -1 1016 1 -1879048189 1 1016 
14
48 1 16 5 0 1 0 -1 -1 1016 1 -1879048189 1 1016 
0
8
SET-3
0
1
0
1
PART-1-1
102
39 40 42 43 46 48 51 53 54 55 56 57 61 62 65 66 67 69 72 73 74 75 77 80 82 83 86 88 89 91 92 94 95 96 97 99 101 102 103 106 109 112 115 116 117 118 119 121 124 125 128 129 130 132 135 137 139 142 143 144 145 147 148 149 150 152 153 154 156 157 159 160 165 171 175 185 191 192 193 197 209 216 217 218 220 222 230 240 241 242 243 244 245 248 250 256 262 267 287 288 318 336 
0
SET-4
0
1
0
1
PART-1-1
102
39 40 42 43 46 48 51 53 54 55 56 57 61 62 65 66 67 69 72 73 74 75 77 80 82 83 86 88 89 91 92 94 95 96 97 99 101 102 103 106 109 112 115 116 117 118 119 121 124 125 128 129 130 132 135 137 139 142 143 144 145 147 148 149 150 152 153 154 156 157 159 160 165 171 175 185 191 192 193 197 209 216 217 218 220 222 230 240 241 242 243 244 245 248 250 256 262 267 287 288 318 336 
0
SET-5
0
1
0
1
PART-1-1
102
39 40 42 43 46 48 51 53 54 55 56 57 61 62 65 66 67 69 72 73 74 75 77 80 82 83 86 88 89 91 92 94 95 96 97 99 101 102 103 106 109 112 115 116 117 118 119 121 124 125 128 129 130 132 135 137 139 142 143 144 145 147 148 149 150 152 153 154 156 157 159 160 165 171 175 185 191 192 193 197 209 216 217 218 220 222 230 240 241 242 243 244 245 248 250 256 262 267 287 288 318 336 
0
SET-6
0
1
0
1
PART-1-1
22
1 2 3 4 5 6 7 8 9 10 11 12 13 14 15 16 1011 1012 1013 1014 1015 1016 
0
_SURF-1_SPOS
0
2
0
1
PART-1-1
14
-2147483647
48 1 16 5 0 1 0 -1 -1 1016 1 -1879048189 1 1016 
0
_SURF-2_SPOS
0
2
0
1
PART-1-1
14
-2147483647
48 1 16 5 0 1 0 -1 -1 1016 1 -1879048189 1 1016 
0
_SURF-3_SPOS
0
2
0
1
PART-1-1
14
-2147483647
48 1 16 5 0 1 0 -1 -1 1016 1 -1879048189 1 1016 
0
_SURF-4_SPOS
0
2
0
1
PART-1-1
14
-2147483647
48 1 16 5 0 1 0 -1 -1 1016 1 -1879048189 1 1016 
0
1
PART-1-1
1
SET-1
0
1
14
-2147483647
48 1 16 5 0 1 0 -1 -1 1016 1 -1879048189 1 1016 
0
0
0
5
SET-1
0
1
0
1
PART-1-1
4
4 5 6 7 
0
SET-3
0
1
0
1
PART-1-1
106
4 5 6 7 30 31 32 33 34 35 36 37 38 39 40 41 42 43 44 45 46 47 48 49 50 51 52 53 54 55 56 57 58 59 60 61 62 63 64 65 66 67 68 69 70 71 72 73 74 75 76 77 78 79 80 81 82 83 84 85 86 87 88 89 90 91 92 93 94 95 96 97 98 99 100 101 102 103 104 105 106 107 108 109 110 111 112 113 114 115 116 117 118 119 120 121 122 123 124 125 126 127 128 129 130 131 
0
SET-4
0
1
0
1
PART-1-1
106
4 5 6 7 30 31 32 33 34 35 36 37 38 39 40 41 42 43 44 45 46 47 48 49 50 51 52 53 54 55 56 57 58 59 60 61 62 63 64 65 66 67 68 69 70 71 72 73 74 75 76 77 78 79 80 81 82 83 84 85 86 87 88 89 90 91 92 93 94 95 96 97 98 99 100 101 102 103 104 105 106 107 108 109 110 111 112 113 114 115 116 117 118 119 120 121 122 123 124 125 126 127 128 129 130 131 
0
SET-5
0
1
0
1
PART-1-1
106
4 5 6 7 30 31 32 33 34 35 36 37 38 39 40 41 42 43 44 45 46 47 48 49 50 51 52 53 54 55 56 57 58 59 60 61 62 63 64 65 66 67 68 69 70 71 72 73 74 75 76 77 78 79 80 81 82 83 84 85 86 87 88 89 90 91 92 93 94 95 96 97 98 99 100 101 102 103 104 105 106 107 108 109 110 111 112 113 114 115 116 117 118 119 120 121 122 123 124 125 126 127 128 129 130 131 
0
SET-6
0
1
0
1
PART-1-1
40
1 2 3 8 9 10 11 12 13 14 15 16 17 18 19 20 21 22 23 24 25 26 27 28 29 132 133 134 135 136 137 138 139 140 141 142 143 144 1056 1057 
0
1
PART-1-1
2
DISPLAY_WITH_FEET
0
1
56
749 750 783 784 785 786 819 821 823 824 826 830 833 847 848 849 850 851 852 854 856 866 872 873 874 875 876 878 880 887 890 892 893 894 895 897 899 901 915 917 918 919 920 923 926 930 933 934 1042 1049 1050 1051 1052 1053 1054 1055 
0
0
SET-1
0
1
14
-2147483647
48 1 16 5 0 1 0 -1 -1 1057 1 -1879048189 1 1057 
0
0
0
0
4
SURF-1
0
0
0
1
PART-1-1
0
0
1
SPOS
14
-2147483647
48 1 16 5 0 1 0 -1 -1 1016 1 -1879048189 1 1016 
SURF-2
0
0
0
1
PART-1-1
0
0
1
SPOS
14
-2147483647
48 1 16 5 0 1 0 -1 -1 1016 1 -1879048189 1 1016 
SURF-3
0
0
0
1
PART-1-1
0
0
1
SPOS
14
-2147483647
48 1 16 5 0 1 0 -1 -1 1016 1 -1879048189 1 1016 
SURF-4
0
0
0
1
PART-1-1
0
0
1
SPOS
14
-2147483647
48 1 16 5 0 1 0 -1 -1 1016 1 -1879048189 1 1016 
