Analysis initiated from SIMULIA established products
Abaqus JOB mp16_up
Abaqus 2024
Abaqus License Manager checked out the following licenses:
Abaqus/Standard checked out 5 tokens from Flexnet server lml-2b.polimi.it.
<2363 out of 2400 licenses remain available>.
Begin Analysis Input File Processor
19/02/2024 15:22:14
Run pre.exe
19/02/2024 15:22:18
End Analysis Input File Processor
Begin Abaqus/Standard Analysis
19/02/2024 15:22:18
Run standard.exe
19/02/2024 15:22:33
End Abaqus/Standard Analysis
Begin SIM Wrap-up
19/02/2024 15:22:34
Run SMASimUtility.exe
19/02/2024 15:22:34
End SIM Wrap-up
Abaqus JOB mp16_up COMPLETED
