Analysis initiated from SIMULIA established products
Abaqus JOB mb_ss_v2
Abaqus 2023
Abaqus License Manager checked out the following licenses:
Abaqus/Standard checked out 5 tokens from Flexnet server lml-2b.polimi.it.
<2344 out of 2400 licenses remain available>.
Begin Analysis Input File Processor
15/02/2024 16:26:47
Run pre.exe
15/02/2024 16:26:52
End Analysis Input File Processor
Begin Abaqus/Standard Analysis
15/02/2024 16:26:52
Run standard.exe
15/02/2024 16:26:57
End Abaqus/Standard Analysis
Begin SIM Wrap-up
15/02/2024 16:26:59
Run SMASimUtility.exe
15/02/2024 16:27:00
End SIM Wrap-up
Abaqus JOB mb_ss_v2 COMPLETED
